<?xml version="1.0" encoding="UTF-8"?>
<testng-results ignored="0" total="1" passed="1" failed="0" skipped="0">
  <reporter-output>
  </reporter-output>
  <suite started-at="2024-03-20T19:08:40 IST" name="Default suite" finished-at="2024-03-21T10:24:25 IST" duration-ms="54945117">
    <groups>
    </groups>
    <test started-at="2024-03-20T19:08:40 IST" name="Default test" finished-at="2024-03-21T10:24:25 IST" duration-ms="54945117">
      <class name="UAT.AOS.testLogin">
        <test-method is-config="true" signature="lg()[pri:0, instance:UAT.AOS.testLogin@2bffa76d]" started-at="2024-03-20T19:08:40 IST" name="lg" finished-at="2024-03-20T19:08:46 IST" duration-ms="5442" status="PASS">
          <reporter-output>
          </reporter-output>
        </test-method> <!-- lg -->
        <test-method signature="createpdf()[pri:0, instance:UAT.AOS.testLogin@2bffa76d]" started-at="2024-03-20T19:08:46 IST" name="createpdf" finished-at="2024-03-21T10:24:22 IST" duration-ms="54936531" status="PASS">
          <reporter-output>
          </reporter-output>
        </test-method> <!-- createpdf -->
        <test-method is-config="true" signature="quit()[pri:0, instance:UAT.AOS.testLogin@2bffa76d]" started-at="2024-03-21T10:24:22 IST" name="quit" finished-at="2024-03-21T10:24:25 IST" duration-ms="3101" status="PASS">
          <reporter-output>
          </reporter-output>
        </test-method> <!-- quit -->
      </class> <!-- UAT.AOS.testLogin -->
    </test> <!-- Default test -->
  </suite> <!-- Default suite -->
</testng-results>
